<?xml version="1.0" encoding="UTF-8"?>
<testsuite name="de.bund.bfr.knime.gis.views.canvas.highlighting.LogicalHighlightConditionTest" time="0.001" tests="3" errors="0" skipped="0" failures="0">
  <properties>
    <property name="java.vendor" value="Oracle Corporation"/>
    <property name="osgi.bundles.defaultStartLevel" value="4"/>
    <property name="sun.java.launcher" value="SUN_STANDARD"/>
    <property name="org.osgi.supports.framework.extension" value="true"/>
    <property name="sun.management.compiler" value="HotSpot 64-Bit Tiered Compilers"/>
    <property name="os.name" value="Windows 7"/>
    <property name="sun.boot.class.path" value="D:\Apps\JDK8\jre\lib\resources.jar;D:\Apps\JDK8\jre\lib\rt.jar;D:\Apps\JDK8\jre\lib\sunrsasign.jar;D:\Apps\JDK8\jre\lib\jsse.jar;D:\Apps\JDK8\jre\lib\jce.jar;D:\Apps\JDK8\jre\lib\charsets.jar;D:\Apps\JDK8\jre\lib\jfr.jar;D:\Apps\JDK8\jre\classes"/>
    <property name="osgi.ws" value="win32"/>
    <property name="sun.desktop" value="windows"/>
    <property name="java.vm.specification.vendor" value="Oracle Corporation"/>
    <property name="java.runtime.version" value="1.8.0_144-b01"/>
    <property name="osgi.instance.area" value="file:/C:/Users/de/git/BfROpenLab/tests/de.bund.bfr.knime.gis.test/target/work/data/"/>
    <property name="org.osgi.framework.uuid" value="0a28b490-d0b5-4ea0-98d2-e2a82d0b414f"/>
    <property name="osgi.noShutdown" value="false"/>
    <property name="user.name" value="de"/>
    <property name="org.osgi.framework.system.packages" value="javax.accessibility,javax.activation,javax.activity,javax.annotation,javax.annotation.processing,javax.crypto,javax.crypto.interfaces,javax.crypto.spec,javax.imageio,javax.imageio.event,javax.imageio.metadata,javax.imageio.plugins.bmp,javax.imageio.plugins.jpeg,javax.imageio.spi,javax.imageio.stream,javax.jws,javax.jws.soap,javax.lang.model,javax.lang.model.element,javax.lang.model.type,javax.lang.model.util,javax.management,javax.management.loading,javax.management.modelmbean,javax.management.monitor,javax.management.openmbean,javax.management.relation,javax.management.remote,javax.management.remote.rmi,javax.management.timer,javax.naming,javax.naming.directory,javax.naming.event,javax.naming.ldap,javax.naming.spi,javax.net,javax.net.ssl,javax.print,javax.print.attribute,javax.print.attribute.standard,javax.print.event,javax.rmi,javax.rmi.CORBA,javax.rmi.ssl,javax.script,javax.security.auth,javax.security.auth.callback,javax.security.auth.kerberos,javax.security.auth.login,javax.security.auth.spi,javax.security.auth.x500,javax.security.cert,javax.security.sasl,javax.sound.midi,javax.sound.midi.spi,javax.sound.sampled,javax.sound.sampled.spi,javax.sql,javax.sql.rowset,javax.sql.rowset.serial,javax.sql.rowset.spi,javax.swing,javax.swing.border,javax.swing.colorchooser,javax.swing.event,javax.swing.filechooser,javax.swing.plaf,javax.swing.plaf.basic,javax.swing.plaf.metal,javax.swing.plaf.multi,javax.swing.plaf.nimbus,javax.swing.plaf.synth,javax.swing.table,javax.swing.text,javax.swing.text.html,javax.swing.text.html.parser,javax.swing.text.rtf,javax.swing.tree,javax.swing.undo,javax.tools,javax.transaction,javax.transaction.xa,javax.xml,javax.xml.bind,javax.xml.bind.annotation,javax.xml.bind.annotation.adapters,javax.xml.bind.attachment,javax.xml.bind.helpers,javax.xml.bind.util,javax.xml.crypto,javax.xml.crypto.dom,javax.xml.crypto.dsig,javax.xml.crypto.dsig.dom,javax.xml.crypto.dsig.keyinfo,javax.xml.crypto.dsig.spec,javax.xml.datatype,javax.xml.namespace,javax.xml.parsers,javax.xml.soap,javax.xml.stream,javax.xml.stream.events,javax.xml.stream.util,javax.xml.transform,javax.xml.transform.dom,javax.xml.transform.sax,javax.xml.transform.stax,javax.xml.transform.stream,javax.xml.validation,javax.xml.ws,javax.xml.ws.handler,javax.xml.ws.handler.soap,javax.xml.ws.http,javax.xml.ws.soap,javax.xml.ws.spi,javax.xml.ws.spi.http,javax.xml.ws.wsaddressing,javax.xml.xpath,org.ietf.jgss,org.omg.CORBA,org.omg.CORBA_2_3,org.omg.CORBA_2_3.portable,org.omg.CORBA.DynAnyPackage,org.omg.CORBA.ORBPackage,org.omg.CORBA.portable,org.omg.CORBA.TypeCodePackage,org.omg.CosNaming,org.omg.CosNaming.NamingContextExtPackage,org.omg.CosNaming.NamingContextPackage,org.omg.Dynamic,org.omg.DynamicAny,org.omg.DynamicAny.DynAnyFactoryPackage,org.omg.DynamicAny.DynAnyPackage,org.omg.IOP,org.omg.IOP.CodecFactoryPackage,org.omg.IOP.CodecPackage,org.omg.Messaging,org.omg.PortableInterceptor,org.omg.PortableInterceptor.ORBInitInfoPackage,org.omg.PortableServer,org.omg.PortableServer.CurrentPackage,org.omg.PortableServer.POAManagerPackage,org.omg.PortableServer.POAPackage,org.omg.PortableServer.portable,org.omg.PortableServer.ServantLocatorPackage,org.omg.SendingContext,org.omg.stub.java.rmi,org.w3c.dom,org.w3c.dom.bootstrap,org.w3c.dom.css,org.w3c.dom.events,org.w3c.dom.html,org.w3c.dom.ls,org.w3c.dom.ranges,org.w3c.dom.stylesheets,org.w3c.dom.traversal,org.w3c.dom.views,org.w3c.dom.xpath,org.xml.sax,org.xml.sax.ext,org.xml.sax.helpers"/>
    <property name="equinox.use.ds" value="true"/>
    <property name="org.osgi.framework.language" value="de"/>
    <property name="user.language" value="de"/>
    <property name="org.osgi.framework.processor" value="x86-64"/>
    <property name="osgi.syspath" value="c:\Users\de\.m2\repository\p2\osgi\bundle\org.eclipse.osgi\3.12.100.v20180210-1608"/>
    <property name="osgi.compatibility.bootdelegation.default" value="true"/>
    <property name="sun.boot.library.path" value="D:\Apps\JDK8\jre\bin"/>
    <property name="org.osgi.framework.system.capabilities" value="osgi.ee; osgi.ee=&quot;OSGi/Minimum&quot;; version:List&lt;Version&gt;=&quot;1.0, 1.1, 1.2&quot;,osgi.ee; osgi.ee=&quot;JRE&quot;; version:List&lt;Version&gt;=&quot;1.0, 1.1&quot;,osgi.ee; osgi.ee=&quot;JavaSE&quot;; version:List&lt;Version&gt;=&quot;1.0, 1.1, 1.2, 1.3, 1.4, 1.5, 1.6, 1.7, 1.8&quot;,osgi.ee; osgi.ee=&quot;JavaSE/compact1&quot;; version:List&lt;Version&gt;=&quot;1.8&quot;,osgi.ee; osgi.ee=&quot;JavaSE/compact2&quot;; version:List&lt;Version&gt;=&quot;1.8&quot;,osgi.ee; osgi.ee=&quot;JavaSE/compact3&quot;; version:List&lt;Version&gt;=&quot;1.8&quot;"/>
    <property name="osgi.compatibility.bootdelegation" value="true"/>
    <property name="java.version" value="1.8.0_144"/>
    <property name="org.osgi.framework.os.name" value="Windows7"/>
    <property name="user.timezone" value="Europe/Berlin"/>
    <property name="sun.arch.data.model" value="64"/>
    <property name="osgi.bundles" value="reference:file:C:/Users/de/.m2/repository/p2/osgi/bundle/com.fasterxml.jackson.core.jackson-databind/2.8.9/com.fasterxml.jackson.core.jackson-databind-2.8.9.jar,reference:file:C:/Users/de/.m2/repository/p2/osgi/bundle/com.fasterxml.jackson.core.jackson-annotations/2.8.5/com.fasterxml.jackson.core.jackson-annotations-2.8.5.jar,reference:file:C:/Users/de/.m2/repository/p2/osgi/bundle/com.fasterxml.jackson.core.jackson-core/2.8.9/com.fasterxml.jackson.core.jackson-core-2.8.9.jar,reference:file:C:/Users/de/.m2/repository/p2/osgi/bundle/javax.xml/1.3.4.v201005080400/javax.xml-1.3.4.v201005080400.jar,reference:file:C:/Users/de/.m2/repository/p2/osgi/bundle/org.apache.batik.dom/1.7.1.v201505191845/org.apache.batik.dom-1.7.1.v201505191845.jar,reference:file:C:/Users/de/.m2/repository/p2/osgi/bundle/com.fasterxml.jackson.datatype.jackson-datatype-jdk8/2.7.1/com.fasterxml.jackson.datatype.jackson-datatype-jdk8-2.7.1.jar,reference:file:C:/Users/de/.m2/repository/p2/osgi/bundle/com.fifesoft.rsyntaxtextarea/2.6.0/com.fifesoft.rsyntaxtextarea-2.6.0.jar,reference:file:C:/Users/de/.m2/repository/p2/osgi/bundle/com.google.guava/19.0.0/com.google.guava-19.0.0.jar,reference:file:C:/Users/de/.m2/repository/p2/osgi/bundle/com.jayway.jsonpath.json-path/2.4.0/com.jayway.jsonpath.json-path-2.4.0.jar,reference:file:C:/Users/de/.m2/repository/p2/osgi/bundle/net.minidev.json-smart/2.3.0/net.minidev.json-smart-2.3.0.jar,reference:file:C:/Users/de/.m2/repository/p2/osgi/bundle/org.slf4j.api/1.7.2.v20121108-1250/org.slf4j.api-1.7.2.v20121108-1250.jar,reference:file:C:/Users/de/.m2/repository/p2/osgi/bundle/com.toedter.jcalendar/1.4.0/com.toedter.jcalendar-1.4.0.jar,reference:file:C:/Users/de/git/BfROpenLab/bundles/de.bund.bfr.jung/target/de.bund.bfr.jung-1.1.35-SNAPSHOT.jar,reference:file:C:/Users/de/git/BfROpenLab/bundles/de.bund.bfr.knime/target/de.bund.bfr.knime-1.1.35-SNAPSHOT.jar,reference:file:C:/Users/de/git/BfROpenLab/bundles/edu.uci.ics.jung/target/edu.uci.ics.jung-2.0.1.20150409.jar,reference:file:C:/Users/de/.m2/repository/p2/osgi/bundle/org.eclipse.ui/3.109.0.v20170411-1742/org.eclipse.ui-3.109.0.v20170411-1742.jar,reference:file:C:/Users/de/.m2/repository/p2/osgi/bundle/org.knime.base/3.6.1.v201808311359/org.knime.base-3.6.1.v201808311359.jar,reference:file:C:/Users/de/git/BfROpenLab/bundles/edu.umd.cs.findbugs.annotations/target/edu.umd.cs.findbugs.annotations-3.0.1.jar,reference:file:C:/Users/de/git/BfROpenLab/bundles/de.bund.bfr.knime.gis/target/de.bund.bfr.knime.gis-1.1.35-SNAPSHOT.jar,reference:file:C:/Users/de/git/BfROpenLab/bundles/org.openstreetmap.josm/target/org.openstreetmap.josm-11826.0.0.jar,reference:file:C:/Users/de/git/BfROpenLab/bundles/org.geotools/target/org.geotools-12.0.0.jar,reference:file:C:/Users/de/.m2/repository/p2/osgi/bundle/org.knime.ext.svg/3.6.1.v201808311615/org.knime.ext.svg-3.6.1.v201808311615.jar,reference:file:C:/Users/de/git/BfROpenLab/tests/de.bund.bfr.knime.gis.test,reference:file:C:/Users/de/.m2/repository/p2/osgi/bundle/org.junit/4.12.0.v201504281640/org.junit-4.12.0.v201504281640.jar,reference:file:C:/Users/de/.m2/repository/p2/osgi/bundle/org.eclipse.core.runtime/3.13.0.v20170207-1030/org.eclipse.core.runtime-3.13.0.v20170207-1030.jar@4:start,reference:file:C:/Users/de/.m2/repository/p2/osgi/bundle/javax.activation/1.1.0.v201211130549/javax.activation-1.1.0.v201211130549.jar,reference:file:C:/Users/de/.m2/repository/p2/osgi/bundle/javax.mail.glassfish/1.4.1.v201108011116/javax.mail.glassfish-1.4.1.v201108011116.jar,reference:file:C:/Users/de/.m2/repository/p2/osgi/bundle/net.minidev.accessors-smart/1.2.0/net.minidev.accessors-smart-1.2.0.jar,reference:file:C:/Users/de/.m2/repository/p2/osgi/bundle/org.objectweb.asm/5.2.0.v20170126-0011/org.objectweb.asm-5.2.0.v20170126-0011.jar,reference:file:C:/Users/de/git/BfROpenLab/tests/de.bund.bfr.knime.gis.test/target/work/plugins/org.apache.ant_1.10.1.v20170504-0840,reference:file:C:/Users/de/.m2/repository/p2/osgi/bundle/org.apache.batik.bridge/1.6.0.v201011041432/org.apache.batik.bridge-1.6.0.v201011041432.jar,reference:file:C:/Users/de/.m2/repository/p2/osgi/bundle/org.apache.batik.css/1.6.0.v201011041432/org.apache.batik.css-1.6.0.v201011041432.jar,reference:file:C:/Users/de/.m2/repository/p2/osgi/bundle/org.apache.batik.dom/1.6.1.v201505192100/org.apache.batik.dom-1.6.1.v201505192100.jar,reference:file:C:/Users/de/.m2/repository/p2/osgi/bundle/org.apache.batik.dom.svg/1.6.0.v201011041432/org.apache.batik.dom.svg-1.6.0.v201011041432.jar,reference:file:C:/Users/de/.m2/repository/p2/osgi/bundle/org.apache.batik.ext.awt/1.6.0.v201011041432/org.apache.batik.ext.awt-1.6.0.v201011041432.jar,reference:file:C:/Users/de/.m2/repository/p2/osgi/bundle/org.apache.batik.parser/1.6.0.v201011041432/org.apache.batik.parser-1.6.0.v201011041432.jar,reference:file:C:/Users/de/.m2/repository/p2/osgi/bundle/org.apache.batik.util/1.6.0.v201011041432/org.apache.batik.util-1.6.0.v201011041432.jar,reference:file:C:/Users/de/.m2/repository/p2/osgi/bundle/org.apache.batik.util.gui/1.6.0.v201011041432/org.apache.batik.util.gui-1.6.0.v201011041432.jar,reference:file:C:/Users/de/.m2/repository/p2/osgi/bundle/org.apache.batik.xml/1.6.0.v201011041432/org.apache.batik.xml-1.6.0.v201011041432.jar,reference:file:C:/Users/de/.m2/repository/p2/osgi/bundle/org.w3c.dom.svg/1.1.0.v201011041433/org.w3c.dom.svg-1.1.0.v201011041433.jar,reference:file:C:/Users/de/.m2/repository/p2/osgi/bundle/org.apache.batik.bridge/1.7.0.v201011041433/org.apache.batik.bridge-1.7.0.v201011041433.jar,reference:file:C:/Users/de/.m2/repository/p2/osgi/bundle/org.apache.batik.css/1.7.0.v201011041433/org.apache.batik.css-1.7.0.v201011041433.jar,reference:file:C:/Users/de/.m2/repository/p2/osgi/bundle/org.apache.batik.dom.svg/1.7.0.v201011041433/org.apache.batik.dom.svg-1.7.0.v201011041433.jar,reference:file:C:/Users/de/.m2/repository/p2/osgi/bundle/org.apache.batik.ext.awt/1.7.0.v201011041433/org.apache.batik.ext.awt-1.7.0.v201011041433.jar,reference:file:C:/Users/de/.m2/repository/p2/osgi/bundle/org.apache.batik.parser/1.7.0.v201011041433/org.apache.batik.parser-1.7.0.v201011041433.jar,reference:file:C:/Users/de/.m2/repository/p2/osgi/bundle/org.apache.batik.util/1.7.0.v201011041433/org.apache.batik.util-1.7.0.v201011041433.jar,reference:file:C:/Users/de/.m2/repository/p2/osgi/bundle/org.apache.batik.util.gui/1.7.0.v200903091627/org.apache.batik.util.gui-1.7.0.v200903091627.jar,reference:file:C:/Users/de/.m2/repository/p2/osgi/bundle/org.apache.batik.xml/1.7.0.v201011041433/org.apache.batik.xml-1.7.0.v201011041433.jar,reference:file:C:/Users/de/.m2/repository/p2/osgi/bundle/org.w3c.dom.events/3.0.0.draft20060413_v201105210656/org.w3c.dom.events-3.0.0.draft20060413_v201105210656.jar,reference:file:C:/Users/de/.m2/repository/p2/osgi/bundle/org.w3c.css.sac/1.3.1.v200903091627/org.w3c.css.sac-1.3.1.v200903091627.jar,reference:file:C:/Users/de/.m2/repository/p2/osgi/bundle/org.apache.batik.dom.clfix/1.6.1.v201806121322/org.apache.batik.dom.clfix-1.6.1.v201806121322.jar,reference:file:C:/Users/de/.m2/repository/p2/osgi/bundle/org.w3c.dom.smil/1.0.1.v200903091627/org.w3c.dom.smil-1.0.1.v200903091627.jar,reference:file:C:/Users/de/.m2/repository/p2/osgi/bundle/org.apache.batik.dom.svg.clfix/1.6.0.v201806121322/org.apache.batik.dom.svg.clfix-1.6.0.v201806121322.jar,reference:file:C:/Users/de/.m2/repository/p2/osgi/bundle/org.apache.batik.svggen/1.7.0.v201011041433/org.apache.batik.svggen-1.7.0.v201011041433.jar,reference:file:C:/Users/de/.m2/repository/p2/osgi/bundle/org.apache.batik.swing/1.6.0.v201011041432/org.apache.batik.swing-1.6.0.v201011041432.jar,reference:file:C:/Users/de/.m2/repository/p2/osgi/bundle/org.apache.batik.transcoder/1.7.0.v201011041433/org.apache.batik.transcoder-1.7.0.v201011041433.jar,reference:file:C:/Users/de/.m2/repository/p2/osgi/bundle/org.apache.commons.codec/1.10.0/org.apache.commons.codec-1.10.0.jar,reference:file:C:/Users/de/.m2/repository/p2/osgi/bundle/org.apache.commons.compress/1.15.0.v20180119-1613/org.apache.commons.compress-1.15.0.v20180119-1613.jar,reference:file:C:/Users/de/.m2/repository/p2/osgi/bundle/org.apache.commons.httpclient/3.1.0.v201012070820/org.apache.commons.httpclient-3.1.0.v201012070820.jar,reference:file:C:/Users/de/.m2/repository/p2/osgi/bundle/org.apache.commons.logging/1.2.0/org.apache.commons.logging-1.2.0.jar,reference:file:C:/Users/de/.m2/repository/p2/osgi/bundle/org.eclipse.osgi.services/3.6.0.v20170228-1906/org.eclipse.osgi.services-3.6.0.v20170228-1906.jar,reference:file:C:/Users/de/.m2/repository/p2/osgi/bundle/org.apache.felix.scr/2.0.10.v20170501-2007/org.apache.felix.scr-2.0.10.v20170501-2007.jar,reference:file:C:/Users/de/.m2/repository/p2/osgi/bundle/org.eclipse.osgi.util/3.4.0.v20170111-1608/org.eclipse.osgi.util-3.4.0.v20170111-1608.jar,reference:file:C:/Users/de/.m2/repository/p2/osgi/bundle/org.apache.httpcomponents.httpclient/4.5.3/org.apache.httpcomponents.httpclient-4.5.3.jar,reference:file:C:/Users/de/.m2/repository/p2/osgi/bundle/org.apache.httpcomponents.httpcore/4.4.8/org.apache.httpcomponents.httpcore-4.4.8.jar,reference:file:C:/Users/de/.m2/repository/p2/osgi/bundle/org.apache.xalan/2.7.1.v201005080400/org.apache.xalan-2.7.1.v201005080400.jar,reference:file:C:/Users/de/.m2/repository/p2/osgi/bundle/org.apache.xml.serializer/2.7.1.v201005080400/org.apache.xml.serializer-2.7.1.v201005080400.jar,reference:file:C:/Users/de/.m2/repository/p2/osgi/bundle/org.apache.xerces/2.9.0.v201101211617/org.apache.xerces-2.9.0.v201101211617.jar,reference:file:C:/Users/de/.m2/repository/p2/osgi/bundle/org.apache.xml.resolver/1.2.0.v201005080400/org.apache.xml.resolver-1.2.0.v201005080400.jar,reference:file:C:/Users/de/.m2/repository/p2/osgi/bundle/org.apache.xmlbeans/2.6.0.v201805031007/org.apache.xmlbeans-2.6.0.v201805031007.jar,reference:file:C:/Users/de/.m2/repository/p2/osgi/bundle/org.eclipse.compare/3.7.101.v20170724-1603/org.eclipse.compare-3.7.101.v20170724-1603.jar,reference:file:C:/Users/de/.m2/repository/p2/osgi/bundle/org.eclipse.core.resources/3.12.0.v20170417-1558/org.eclipse.core.resources-3.12.0.v20170417-1558.jar,reference:file:C:/Users/de/.m2/repository/p2/osgi/bundle/org.eclipse.jface.text/3.12.2.v20180112-1341/org.eclipse.jface.text-3.12.2.v20180112-1341.jar,reference:file:C:/Users/de/.m2/repository/p2/osgi/bundle/org.eclipse.ui.ide/3.13.1.v20170822-1526/org.eclipse.ui.ide-3.13.1.v20170822-1526.jar,reference:file:C:/Users/de/.m2/repository/p2/osgi/bundle/org.eclipse.ui.views/3.9.0.v20170226-1833/org.eclipse.ui.views-3.9.0.v20170226-1833.jar,reference:file:C:/Users/de/.m2/repository/p2/osgi/bundle/org.eclipse.ui.workbench.texteditor/3.10.100.v20170426-2021/org.eclipse.ui.workbench.texteditor-3.10.100.v20170426-2021.jar,reference:file:C:/Users/de/.m2/repository/p2/osgi/bundle/org.eclipse.core.expressions/3.6.0.v20170207-1037/org.eclipse.core.expressions-3.6.0.v20170207-1037.jar,reference:file:C:/Users/de/.m2/repository/p2/osgi/bundle/org.eclipse.ui.editors/3.11.0.v20170202-1823/org.eclipse.ui.editors-3.11.0.v20170202-1823.jar,reference:file:C:/Users/de/.m2/repository/p2/osgi/bundle/org.eclipse.ui.forms/3.7.101.v20170815-1446/org.eclipse.ui.forms-3.7.101.v20170815-1446.jar,reference:file:C:/Users/de/.m2/repository/p2/osgi/bundle/org.eclipse.compare.core/3.6.100.v20170516-0820/org.eclipse.compare.core-3.6.100.v20170516-0820.jar,reference:file:C:/Users/de/.m2/repository/p2/osgi/bundle/com.ibm.icu.base/58.2.0.v20170418-1837/com.ibm.icu.base-58.2.0.v20170418-1837.jar,reference:file:C:/Users/de/.m2/repository/p2/osgi/bundle/org.eclipse.core.commands/3.9.0.v20170530-1048/org.eclipse.core.commands-3.9.0.v20170530-1048.jar,reference:file:C:/Users/de/.m2/repository/p2/osgi/bundle/org.eclipse.equinox.common/3.9.0.v20170207-1454/org.eclipse.equinox.common-3.9.0.v20170207-1454.jar@2:start,reference:file:C:/Users/de/.m2/repository/p2/osgi/bundle/org.eclipse.core.contenttype/3.6.0.v20170207-1037/org.eclipse.core.contenttype-3.6.0.v20170207-1037.jar,reference:file:C:/Users/de/.m2/repository/p2/osgi/bundle/org.eclipse.equinox.preferences/3.7.0.v20170126-2132/org.eclipse.equinox.preferences-3.7.0.v20170126-2132.jar,reference:file:C:/Users/de/.m2/repository/p2/osgi/bundle/org.eclipse.equinox.registry/3.7.0.v20170222-1344/org.eclipse.equinox.registry-3.7.0.v20170222-1344.jar,reference:file:C:/Users/de/.m2/repository/p2/osgi/bundle/org.eclipse.core.databinding/1.6.100.v20170515-1119/org.eclipse.core.databinding-1.6.100.v20170515-1119.jar,reference:file:C:/Users/de/.m2/repository/p2/osgi/bundle/org.eclipse.core.databinding.observable/1.6.100.v20170515-1119/org.eclipse.core.databinding.observable-1.6.100.v20170515-1119.jar,reference:file:C:/Users/de/.m2/repository/p2/osgi/bundle/org.eclipse.core.databinding.property/1.6.100.v20170515-1119/org.eclipse.core.databinding.property-1.6.100.v20170515-1119.jar,reference:file:C:/Users/de/.m2/repository/p2/osgi/bundle/org.eclipse.core.filebuffers/3.6.100.v20170203-1130/org.eclipse.core.filebuffers-3.6.100.v20170203-1130.jar,reference:file:C:/Users/de/.m2/repository/p2/osgi/bundle/org.eclipse.text/3.6.100.v20170203-0814/org.eclipse.text-3.6.100.v20170203-0814.jar,reference:file:C:/Users/de/.m2/repository/p2/osgi/bundle/org.eclipse.core.filesystem/1.7.0.v20170406-1337/org.eclipse.core.filesystem-1.7.0.v20170406-1337.jar,reference:file:C:/Users/de/.m2/repository/p2/osgi/bundle/org.eclipse.core.jobs/3.9.3.v20180115-1757/org.eclipse.core.jobs-3.9.3.v20180115-1757.jar,reference:file:C:/Users/de/.m2/repository/p2/osgi/bundle/org.eclipse.core.net/1.3.100.v20170516-0820/org.eclipse.core.net-1.3.100.v20170516-0820.jar,reference:file:C:/Users/de/.m2/repository/p2/osgi/bundle/org.eclipse.equinox.security/1.2.300.v20170505-1235/org.eclipse.equinox.security-1.2.300.v20170505-1235.jar,reference:file:C:/Users/de/.m2/repository/p2/osgi/bundle/org.eclipse.equinox.app/1.3.400.v20150715-1528/org.eclipse.equinox.app-1.3.400.v20150715-1528.jar,reference:file:C:/Users/de/.m2/repository/p2/osgi/bundle/org.eclipse.core.variables/3.4.0.v20170113-2056/org.eclipse.core.variables-3.4.0.v20170113-2056.jar,reference:file:C:/Users/de/.m2/repository/p2/osgi/bundle/org.eclipse.draw2d/3.10.100.201606061308/org.eclipse.draw2d-3.10.100.201606061308.jar,reference:file:C:/Users/de/.m2/repository/p2/osgi/bundle/org.eclipse.swt/3.106.3.v20180329-0507/org.eclipse.swt-3.106.3.v20180329-0507.jar,reference:file:C:/Users/de/.m2/repository/p2/osgi/bundle/org.eclipse.e4.core.commands/0.12.100.v20170513-0428/org.eclipse.e4.core.commands-0.12.100.v20170513-0428.jar,reference:file:C:/Users/de/.m2/repository/p2/osgi/bundle/org.eclipse.e4.core.di/1.6.100.v20170421-1418/org.eclipse.e4.core.di-1.6.100.v20170421-1418.jar,reference:file:C:/Users/de/.m2/repository/p2/osgi/bundle/javax.inject/1.0.0.v20091030/javax.inject-1.0.0.v20091030.jar,reference:file:C:/Users/de/.m2/repository/p2/osgi/bundle/org.eclipse.e4.core.contexts/1.6.0.v20170322-1144/org.eclipse.e4.core.contexts-1.6.0.v20170322-1144.jar,reference:file:C:/Users/de/.m2/repository/p2/osgi/bundle/org.eclipse.e4.core.services/2.1.0.v20170407-0928/org.eclipse.e4.core.services-2.1.0.v20170407-0928.jar,reference:file:C:/Users/de/.m2/repository/p2/osgi/bundle/org.eclipse.e4.core.di.annotations/1.6.0.v20170119-2002/org.eclipse.e4.core.di.annotations-1.6.0.v20170119-2002.jar,reference:file:C:/Users/de/.m2/repository/p2/osgi/bundle/org.eclipse.e4.core.di.extensions/0.15.0.v20170228-1728/org.eclipse.e4.core.di.extensions-0.15.0.v20170228-1728.jar,reference:file:C:/Users/de/.m2/repository/p2/osgi/bundle/org.eclipse.e4.core.di.extensions.supplier/0.15.0.v20170407-0928/org.eclipse.e4.core.di.extensions.supplier-0.15.0.v20170407-0928.jar,reference:file:C:/Users/de/.m2/repository/p2/osgi/bundle/org.eclipse.equinox.ds/1.5.0.v20170307-1429/org.eclipse.equinox.ds-1.5.0.v20170307-1429.jar@1:start,reference:file:C:/Users/de/.m2/repository/p2/osgi/bundle/org.eclipse.e4.emf.xpath/0.2.0.v20160630-0728/org.eclipse.e4.emf.xpath-0.2.0.v20160630-0728.jar,reference:file:C:/Users/de/.m2/repository/p2/osgi/bundle/org.apache.commons.jxpath/1.3.0.v200911051830/org.apache.commons.jxpath-1.3.0.v200911051830.jar,reference:file:C:/Users/de/.m2/repository/p2/osgi/bundle/org.eclipse.emf.ecore/2.13.0.v20170609-0707/org.eclipse.emf.ecore-2.13.0.v20170609-0707.jar,reference:file:C:/Users/de/.m2/repository/p2/osgi/bundle/org.eclipse.e4.ui.bindings/0.12.1.v20170823-1632/org.eclipse.e4.ui.bindings-0.12.1.v20170823-1632.jar,reference:file:C:/Users/de/.m2/repository/p2/osgi/bundle/org.eclipse.jface/3.13.2.v20171022-1656/org.eclipse.jface-3.13.2.v20171022-1656.jar,reference:file:C:/Users/de/.m2/repository/p2/osgi/bundle/org.eclipse.e4.ui.css.core/0.12.101.v20170712-1547/org.eclipse.e4.ui.css.core-0.12.101.v20170712-1547.jar,reference:file:C:/Users/de/.m2/repository/p2/osgi/bundle/org.eclipse.e4.ui.css.swt/0.13.1.v20170808-1940/org.eclipse.e4.ui.css.swt-0.13.1.v20170808-1940.jar,reference:file:C:/Users/de/.m2/repository/p2/osgi/bundle/org.eclipse.e4.ui.css.swt.theme/0.11.0.v20170312-2302/org.eclipse.e4.ui.css.swt.theme-0.11.0.v20170312-2302.jar,reference:file:C:/Users/de/.m2/repository/p2/osgi/bundle/org.eclipse.e4.ui.di/1.2.100.v20170414-1137/org.eclipse.e4.ui.di-1.2.100.v20170414-1137.jar,reference:file:C:/Users/de/.m2/repository/p2/osgi/bundle/org.eclipse.e4.ui.model.workbench/2.0.1.v20170713-1800/org.eclipse.e4.ui.model.workbench-2.0.1.v20170713-1800.jar,reference:file:C:/Users/de/.m2/repository/p2/osgi/bundle/org.eclipse.e4.ui.services/1.3.0.v20170307-2032/org.eclipse.e4.ui.services-1.3.0.v20170307-2032.jar,reference:file:C:/Users/de/.m2/repository/p2/osgi/bundle/org.eclipse.equinox.event/1.4.0.v20170105-1446/org.eclipse.equinox.event-1.4.0.v20170105-1446.jar,reference:file:C:/Users/de/.m2/repository/p2/osgi/bundle/org.eclipse.e4.ui.widgets/1.2.0.v20160630-0736/org.eclipse.e4.ui.widgets-1.2.0.v20160630-0736.jar,reference:file:C:/Users/de/.m2/repository/p2/osgi/bundle/org.eclipse.e4.ui.workbench/1.5.1.v20170815-1446/org.eclipse.e4.ui.workbench-1.5.1.v20170815-1446.jar,reference:file:C:/Users/de/.m2/repository/p2/osgi/bundle/org.eclipse.emf.ecore.xmi/2.13.0.v20170609-0707/org.eclipse.emf.ecore.xmi-2.13.0.v20170609-0707.jar,reference:file:C:/Users/de/.m2/repository/p2/osgi/bundle/org.eclipse.emf.ecore.change/2.11.0.v20170609-0707/org.eclipse.emf.ecore.change-2.11.0.v20170609-0707.jar,reference:file:C:/Users/de/.m2/repository/p2/osgi/bundle/org.eclipse.e4.ui.workbench.addons.swt/1.3.1.v20170319-1442/org.eclipse.e4.ui.workbench.addons.swt-1.3.1.v20170319-1442.jar,reference:file:C:/Users/de/.m2/repository/p2/osgi/bundle/org.eclipse.e4.ui.workbench.renderers.swt/0.14.102.v20180117-1153/org.eclipse.e4.ui.workbench.renderers.swt-0.14.102.v20180117-1153.jar,reference:file:C:/Users/de/.m2/repository/p2/osgi/bundle/org.eclipse.e4.ui.workbench.swt/0.14.101.v20170710-1119/org.eclipse.e4.ui.workbench.swt-0.14.101.v20170710-1119.jar,reference:file:C:/Users/de/.m2/repository/p2/osgi/bundle/org.eclipse.jface.databinding/1.8.100.v20170503-1507/org.eclipse.jface.databinding-1.8.100.v20170503-1507.jar,reference:file:C:/Users/de/.m2/repository/p2/osgi/bundle/org.eclipse.e4.ui.workbench3/0.14.0.v20160630-0740/org.eclipse.e4.ui.workbench3-0.14.0.v20160630-0740.jar,reference:file:C:/Users/de/.m2/repository/p2/osgi/bundle/org.eclipse.emf.common/2.13.0.v20170609-0707/org.eclipse.emf.common-2.13.0.v20170609-0707.jar,reference:file:C:/Users/de/.m2/repository/p2/osgi/bundle/org.eclipse.equinox.bidi/1.1.0.v20160728-1031/org.eclipse.equinox.bidi-1.1.0.v20160728-1031.jar,reference:file:C:/Users/de/.m2/repository/p2/osgi/bundle/org.eclipse.equinox.p2.core/2.4.101.v20170906-1259/org.eclipse.equinox.p2.core-2.4.101.v20170906-1259.jar,reference:file:C:/Users/de/.m2/repository/p2/osgi/bundle/org.eclipse.equinox.p2.engine/2.5.0.v20170319-2002/org.eclipse.equinox.p2.engine-2.5.0.v20170319-2002.jar,reference:file:C:/Users/de/.m2/repository/p2/osgi/bundle/org.eclipse.equinox.p2.metadata/2.3.200.v20170511-1106/org.eclipse.equinox.p2.metadata-2.3.200.v20170511-1106.jar,reference:file:C:/Users/de/.m2/repository/p2/osgi/bundle/org.eclipse.equinox.p2.metadata.repository/1.2.401.v20170906-1259/org.eclipse.equinox.p2.metadata.repository-1.2.401.v20170906-1259.jar,reference:file:C:/Users/de/.m2/repository/p2/osgi/bundle/org.eclipse.equinox.p2.repository/2.3.301.v20170906-1259/org.eclipse.equinox.p2.repository-2.3.301.v20170906-1259.jar,reference:file:C:/Users/de/.m2/repository/p2/osgi/bundle/org.tukaani.xz/1.5.0.v20170111-1717/org.tukaani.xz-1.5.0.v20170111-1717.jar,reference:file:C:/Users/de/.m2/repository/p2/osgi/bundle/org.eclipse.gef/3.11.0.201606061308/org.eclipse.gef-3.11.0.201606061308.jar,reference:file:C:/Users/de/.m2/repository/p2/osgi/bundle/org.eclipse.ui.workbench/3.110.1.v20170704-1208/org.eclipse.ui.workbench-3.110.1.v20170704-1208.jar,reference:file:C:/Users/de/.m2/repository/p2/osgi/bundle/org.eclipse.help/3.8.1.v20170815-1448/org.eclipse.help-3.8.1.v20170815-1448.jar,reference:file:C:/Users/de/.m2/repository/p2/osgi/bundle/org.eclipse.ltk.core.refactoring/3.8.0.v20170105-1156/org.eclipse.ltk.core.refactoring-3.8.0.v20170105-1156.jar,reference:file:C:/Users/de/.m2/repository/p2/osgi/bundle/org.eclipse.ltk.ui.refactoring/3.9.0.v20170412-0825/org.eclipse.ltk.ui.refactoring-3.9.0.v20170412-0825.jar,reference:file:C:/Users/de/.m2/repository/p2/osgi/bundle/org.eclipse.ui.navigator/3.7.0.v20170418-1342/org.eclipse.ui.navigator-3.7.0.v20170418-1342.jar,reference:file:C:/Users/de/.m2/repository/p2/osgi/bundle/org.eclipse.team.core/3.8.100.v20170516-0820/org.eclipse.team.core-3.8.100.v20170516-0820.jar,reference:file:C:/Users/de/.m2/repository/p2/osgi/bundle/org.eclipse.team.ui/3.8.1.v20170515-1133/org.eclipse.team.ui-3.8.1.v20170515-1133.jar,reference:file:C:/Users/de/.m2/repository/p2/osgi/bundle/org.eclipse.swt.win32.win32.x86_64/3.106.3.v20180329-0507/org.eclipse.swt.win32.win32.x86_64-3.106.3.v20180329-0507.jar,reference:file:C:/Users/de/.m2/repository/p2/osgi/bundle/org.eclipse.ui.console/3.7.1.v20170728-0806/org.eclipse.ui.console-3.7.1.v20170728-0806.jar,reference:file:C:/Users/de/.m2/repository/p2/osgi/bundle/org.eclipse.ui.ide.application/1.2.0.v20170512-1452/org.eclipse.ui.ide.application-1.2.0.v20170512-1452.jar,reference:file:C:/Users/de/.m2/repository/p2/osgi/bundle/org.eclipse.ui.navigator.resources/3.6.1.v20170823-1443/org.eclipse.ui.navigator.resources-3.6.1.v20170823-1443.jar,reference:file:C:/Users/de/.m2/repository/p2/osgi/bundle/org.eclipse.ui.views.properties.tabbed/3.8.1.v20170713-0803/org.eclipse.ui.views.properties.tabbed-3.8.1.v20170713-0803.jar,reference:file:C:/Users/de/.m2/repository/p2/osgi/bundle/org.glassfish.javax.json/1.0.4/org.glassfish.javax.json-1.0.4.jar,reference:file:C:/Users/de/.m2/repository/p2/osgi/bundle/org.hamcrest.core/1.3.0.v201303031735/org.hamcrest.core-1.3.0.v201303031735.jar,reference:file:C:/Users/de/.m2/repository/p2/osgi/bundle/org.knime.core/3.6.1.v201808311931/org.knime.core-3.6.1.v201808311931.jar,reference:file:C:/Users/de/.m2/repository/p2/osgi/bundle/org.apache.commons.math3/3.4.1/org.apache.commons.math3-3.4.1.jar,reference:file:C:/Users/de/.m2/repository/p2/osgi/bundle/gov.nist.math.jama/1.0.3/gov.nist.math.jama-1.0.3.jar,reference:file:C:/Users/de/.m2/repository/p2/osgi/bundle/org.apache.commons.math/2.1.0.v201105210652/org.apache.commons.math-2.1.0.v201105210652.jar,reference:file:C:/Users/de/.m2/repository/p2/osgi/bundle/org.apache.commons.lang/2.6.0.v201404270220/org.apache.commons.lang-2.6.0.v201404270220.jar,reference:file:C:/Users/de/.m2/repository/p2/osgi/bundle/org.knime.core.pmml/3.6.0.v201805030958/org.knime.core.pmml-3.6.0.v201805030958.jar,reference:file:C:/Users/de/.m2/repository/p2/osgi/bundle/org.knime.workbench.repository/3.6.0.v201807021109/org.knime.workbench.repository-3.6.0.v201807021109.jar,reference:file:C:/Users/de/.m2/repository/p2/osgi/bundle/org.apache.log4j/1.2.15.v201012070815/org.apache.log4j-1.2.15.v201012070815.jar,reference:file:C:/Users/de/.m2/repository/p2/osgi/bundle/org.knime.core.util/5.9.0.v201808311615/org.knime.core.util-5.9.0.v201808311615.jar,reference:file:C:/Users/de/.m2/repository/p2/osgi/bundle/org.apache.commons.lang3/3.3.1/org.apache.commons.lang3-3.3.1.jar,reference:file:C:/Users/de/.m2/repository/p2/osgi/bundle/com.sun.jna/4.4.0/com.sun.jna-4.4.0.jar,reference:file:C:/Users/de/.m2/repository/p2/osgi/bundle/org.knime.core.ui/3.6.0.v201807040851/org.knime.core.ui-3.6.0.v201807040851.jar,reference:file:C:/Users/de/.m2/repository/p2/osgi/bundle/org.apache.commons.io/2.5.0/org.apache.commons.io-2.5.0.jar,reference:file:C:/Users/de/git/BfROpenLab/tests/de.bund.bfr.knime.gis.test/target/work/plugins/org.w3c.sac_1.3.0.v201706222054,reference:file:C:/Users/de/.m2/repository/p2/osgi/bundle/org.knime.workbench.core/3.6.0.v201806281453/org.knime.workbench.core-3.6.0.v201806281453.jar,reference:file:C:/Users/de/.m2/repository/p2/osgi/bundle/org.eclipse.equinox.launcher/1.4.0.v20161219-1356/org.eclipse.equinox.launcher-1.4.0.v20161219-1356.jar,reference:file:C:/Users/de/.m2/repository/org/eclipse/tycho/org.eclipse.tycho.surefire.osgibooter/1.0.0/org.eclipse.tycho.surefire.osgibooter-1.0.0.jar,reference:file:C:/Users/de/.m2/repository/org/eclipse/tycho/org.eclipse.tycho.surefire.junit4/1.0.0/org.eclipse.tycho.surefire.junit4-1.0.0.jar"/>
    <property name="java.endorsed.dirs" value="D:\Apps\JDK8\jre\lib\endorsed"/>
    <property name="sun.cpu.isalist" value="amd64"/>
    <property name="sun.jnu.encoding" value="Cp1252"/>
    <property name="eclipse.application" value="org.eclipse.tycho.surefire.osgibooter.headlesstest"/>
    <property name="file.encoding.pkg" value="sun.io"/>
    <property name="org.osgi.framework.vendor" value="Eclipse"/>
    <property name="equinox.init.uuid" value="true"/>
    <property name="file.separator" value="\"/>
    <property name="osgi.debug" value=""/>
    <property name="java.specification.name" value="Java Platform API Specification"/>
    <property name="osgi.checkConfiguration" value="true"/>
    <property name="java.class.version" value="52.0"/>
    <property name="user.country" value="DE"/>
    <property name="osgi.configuration.cascaded" value="false"/>
    <property name="java.home" value="D:\Apps\JDK8\jre"/>
    <property name="osgi.os" value="win32"/>
    <property name="eclipse.commands" value="-debug&#10;-consolelog&#10;-data&#10;C:\Users\de\git\BfROpenLab\tests\de.bund.bfr.knime.gis.test\target\work\data&#10;-install&#10;C:\Users\de\git\BfROpenLab\tests\de.bund.bfr.knime.gis.test\target\work&#10;-configuration&#10;C:\Users\de\git\BfROpenLab\tests\de.bund.bfr.knime.gis.test\target\work\configuration&#10;-application&#10;org.eclipse.tycho.surefire.osgibooter.headlesstest&#10;-testproperties&#10;C:\Users\de\git\BfROpenLab\tests\de.bund.bfr.knime.gis.test\target\surefire.properties&#10;"/>
    <property name="java.vm.info" value="mixed mode"/>
    <property name="os.version" value="6.1"/>
    <property name="osgi.arch" value="x86_64"/>
    <property name="path.separator" value=";"/>
    <property name="java.vm.version" value="25.144-b01"/>
    <property name="org.osgi.supports.framework.fragment" value="true"/>
    <property name="user.variant" value=""/>
    <property name="osgi.framework.shape" value="jar"/>
    <property name="java.awt.printerjob" value="sun.awt.windows.WPrinterJob"/>
    <property name="sun.io.unicode.encoding" value="UnicodeLittle"/>
    <property name="org.osgi.framework.version" value="1.8.0"/>
    <property name="org.osgi.framework.storage" value="C:\Users\de\git\BfROpenLab\tests\de.bund.bfr.knime.gis.test\target\work\configuration"/>
    <property name="awt.toolkit" value="sun.awt.windows.WToolkit"/>
    <property name="user.script" value=""/>
    <property name="eclipse.stateSaveDelayInterval" value="30000"/>
    <property name="osgi.dev" value="file:/C:/Users/de/git/BfROpenLab/tests/de.bund.bfr.knime.gis.test/target/work/dev.properties"/>
    <property name="osgi.install.area" value="file:/C:/Users/de/git/BfROpenLab/tests/de.bund.bfr.knime.gis.test/target/work/"/>
    <property name="osgi.framework" value="file:/C:/Users/de/.m2/repository/p2/osgi/bundle/org.eclipse.osgi/3.12.100.v20180210-1608/org.eclipse.osgi-3.12.100.v20180210-1608.jar"/>
    <property name="user.home" value="C:\Users\de"/>
    <property name="osgi.framework.useSystemProperties" value="true"/>
    <property name="eclipse.consoleLog" value="true"/>
    <property name="java.specification.vendor" value="Oracle Corporation"/>
    <property name="osgi.nl" value="de_DE"/>
    <property name="java.vendor.url" value="http://java.oracle.com/"/>
    <property name="java.library.path" value="D:\Apps\JDK8\jre\bin;C:\Windows\Sun\Java\bin;C:\Windows\system32;C:\Windows;C:\ProgramData\Oracle\Java\javapath;C:\Windows\system32;C:\Windows;C:\Windows\System32\Wbem;C:\Windows\System32\WindowsPowerShell\v1.0\;C:\Program Files (x86)\Novell\ZENworks\bin;C:\Program Files\Novell\iPrint;C:\Program Files (x86)\Novell\GroupWise;C:\Program Files\dotnet\;C:\Program Files (x86)\SlikSvn\bin;C:\ProgramData\Oracle\Java\javapath;C:\Windows\system32;C:\Windows;C:\Windows\System32\Wbem;C:\Windows\System32\WindowsPowerShell\v1.0\;C:\Program Files (x86)\Novell\ZENworks\bin;C:\Program Files (x86)\Novell\GroupWise;C:\Program Files\Novell\iPrint;C:\Users\de\AppData\Local\Mozilla Firefox;C:\ProgramData\Oracle\Java\javapath;C:\Windows\system32;C:\Windows;C:\Windows\System32\Wbem;C:\Windows\System32\WindowsPowerShell\v1.0\;C:\Program Files (x86)\Novell\ZENworks\bin;C:\Program Files (x86)\Novell\GroupWise;C:\Program Files\Novell\iPrint;Z:.;Z:.;d:\Apps\JDK8\bin;Z:.;;."/>
    <property name="osgi.bundlefile.limit" value="100"/>
    <property name="eclipse.startTime" value="1540560540037"/>
    <property name="org.osgi.framework.os.version" value="6.1.0"/>
    <property name="java.vm.vendor" value="Oracle Corporation"/>
    <property name="java.runtime.name" value="Java(TM) SE Runtime Environment"/>
    <property name="java.class.path" value="C:\Users\de\.m2\repository\p2\osgi\bundle\org.eclipse.equinox.launcher\1.4.0.v20161219-1356\org.eclipse.equinox.launcher-1.4.0.v20161219-1356.jar"/>
    <property name="sun.java.command" value="C:\Users\de\.m2\repository\p2\osgi\bundle\org.eclipse.equinox.launcher\1.4.0.v20161219-1356\org.eclipse.equinox.launcher-1.4.0.v20161219-1356.jar -debug -consolelog -data C:\Users\de\git\BfROpenLab\tests\de.bund.bfr.knime.gis.test\target\work\data -install C:\Users\de\git\BfROpenLab\tests\de.bund.bfr.knime.gis.test\target\work -configuration C:\Users\de\git\BfROpenLab\tests\de.bund.bfr.knime.gis.test\target\work\configuration -application org.eclipse.tycho.surefire.osgibooter.headlesstest -testproperties C:\Users\de\git\BfROpenLab\tests\de.bund.bfr.knime.gis.test\target\surefire.properties"/>
    <property name="ds.delayed.keepInstances" value="true"/>
    <property name="java.vm.specification.name" value="Java Virtual Machine Specification"/>
    <property name="java.vm.specification.version" value="1.8"/>
    <property name="sun.os.patch.level" value="Service Pack 1"/>
    <property name="sun.cpu.endian" value="little"/>
    <property name="gosh.args" value="--nointeractive"/>
    <property name="java.io.tmpdir" value="C:\Users\de\AppData\Local\Temp\"/>
    <property name="java.vendor.url.bug" value="http://bugreport.sun.com/bugreport/"/>
    <property name="eclipse.home.location" value="file:/C:/Users/de/git/BfROpenLab/tests/de.bund.bfr.knime.gis.test/target/work/"/>
    <property name="java.awt.graphicsenv" value="sun.awt.Win32GraphicsEnvironment"/>
    <property name="os.arch" value="amd64"/>
    <property name="java.ext.dirs" value="D:\Apps\JDK8\jre\lib\ext;C:\Windows\Sun\Java\lib\ext"/>
    <property name="user.dir" value="C:\Users\de\git\BfROpenLab\tests\de.bund.bfr.knime.gis.test"/>
    <property name="org.osgi.supports.framework.requirebundle" value="true"/>
    <property name="osgi.clean" value="true"/>
    <property name="line.separator" value="&#10;"/>
    <property name="java.vm.name" value="Java HotSpot(TM) 64-Bit Server VM"/>
    <property name="file.encoding" value="Cp1252"/>
    <property name="java.specification.version" value="1.8"/>
    <property name="org.osgi.framework.executionenvironment" value="OSGi/Minimum-1.0,OSGi/Minimum-1.1,OSGi/Minimum-1.2,JavaSE/compact1-1.8,JavaSE/compact2-1.8,JavaSE/compact3-1.8,JRE-1.1,J2SE-1.2,J2SE-1.3,J2SE-1.4,J2SE-1.5,JavaSE-1.6,JavaSE-1.7,JavaSE-1.8"/>
    <property name="osgi.configuration.area" value="file:/C:/Users/de/git/BfROpenLab/tests/de.bund.bfr.knime.gis.test/target/work/configuration/"/>
    <property name="osgi.logfile" value="C:\Users\de\git\BfROpenLab\tests\de.bund.bfr.knime.gis.test\target\work\configuration\1540560540276.log"/>
  </properties>
  <testcase name="testLogicalHighlightConditionStringStringString" classname="de.bund.bfr.knime.gis.views.canvas.highlighting.LogicalHighlightConditionTest" time="0"/>
  <testcase name="testLogicalHighlightCondition" classname="de.bund.bfr.knime.gis.views.canvas.highlighting.LogicalHighlightConditionTest" time="0"/>
  <testcase name="testGetValues" classname="de.bund.bfr.knime.gis.views.canvas.highlighting.LogicalHighlightConditionTest" time="0.001"/>
</testsuite>